<?xml version="1.0" encoding="UTF-8"?>
<testsuite name="com.booking.runners.FlightsRunner" tests="0" skipped="0" failures="0" errors="0" timestamp="1970-01-01T00:00:00" hostname="DESKTOP-J89N0A5" time="0.0">
  <properties/>
  <system-out><![CDATA[
?[31mFailed scenarios:?[0m
file:///C:/Users/SenaSOFT/Desktop/Senasoft2023Grupo7/Automatizacion/Screenplay/Senasoft/src/test/resources/features/flights.feature:3 # Search for flights for a specific destination

1 Scenarios (?[31m1 failed?[0m)
3 Steps (?[31m1 failed?[0m, ?[32m2 passed?[0m)
0m31,551s


java.lang.AssertionError: 
Expected: is <false>
     but: was <true>
	at net.serenitybdd.screenplay.ErrorTally.throwSummaryExceptionFrom(ErrorTally.java:38)
	at net.serenitybdd.screenplay.ErrorTally.reportAnyErrors(ErrorTally.java:32)
	at net.serenitybdd.screenplay.Actor.should(Actor.java:322)
	at com.booking.stepsdefinitions.FlightsStepDefinition.theUserShouldSeeTheResultsOfTheirSearch(FlightsStepDefinition.java:41)
	at ?.the user should see the results of their search(file:///C:/Users/SenaSOFT/Desktop/Senasoft2023Grupo7/Automatizacion/Screenplay/Senasoft/src/test/resources/features/flights.feature:6)


]]></system-out>
  <system-err><![CDATA[[Test worker] INFO io.cucumber.core.plugin.SerenityReporter - Running feature from file:///C:/Users/SenaSOFT/Desktop/Senasoft2023Grupo7/Automatizacion/Screenplay/Senasoft/src/test/resources/features/flights.feature
[Test worker] INFO  - 

-------------------------------------------------------------------------------------
     _______. _______ .______       _______ .__   __.  __  .___________.____    ____ 
    /       ||   ____||   _  \     |   ____||  \ |  | |  | |           |\   \  /   / 
   |   (----`|  |__   |  |_)  |    |  |__   |   \|  | |  | `---|  |----` \   \/   /  
    \   \    |   __|  |      /     |   __|  |  . `  | |  |     |  |       \_    _/   
.----)   |   |  |____ |  |\  \----.|  |____ |  |\   | |  |     |  |         |  |     
|_______/    |_______|| _| `._____||_______||__| \__| |__|     |__|         |__|    
                                                                                     
 News and tutorials at http://www.serenity-bdd.info                                  
 Documentation at https://wakaleo.gitbooks.io/the-serenity-book/content/             
 Join the Serenity Community on Gitter: https://gitter.im/serenity-bdd/serenity-core 
 Serenity BDD Support and Training at http://serenity-bdd.info/#/trainingandsupport  
-------------------------------------------------------------------------------------

[Test worker] INFO  - Test Suite Started: Testing of the flights module
[pool-1-thread-1] INFO net.thucydides.core.reports.ReportService - net.thucydides.core.reports.json.JSONTestOutcomeReporter@3120f708: Generating report for test outcome: Testing of the flights module:Search for flights for a specific destination
[pool-2-thread-1] INFO net.thucydides.core.reports.ReportService - net.thucydides.core.reports.html.HtmlAcceptanceTestReporter@675e0899: Generating report for test outcome: Testing of the flights module:Search for flights for a specific destination
[Test worker] INFO io.cucumber.core.plugin.SerenityReporter - Cleanup test resources for URI file:///C:/Users/SenaSOFT/Desktop/Senasoft2023Grupo7/Automatizacion/Screenplay/Senasoft/src/test/resources/features/flights.feature
]]></system-err>
</testsuite>
